{"C:\\Users\\KELVIN\\Desktop\\shebz\\TODO\\Todo-API-in-Node-JS\\src\\config\\config.ts": {"path":"C:\\Users\\KELVIN\\Desktop\\shebz\\TODO\\Todo-API-in-Node-JS\\src\\config\\config.ts","statementMap":{"0":{"start":{"line":1,"column":0},"end":{"line":1,"column":28}},"1":{"start":{"line":3,"column":0},"end":{"line":3,"column":16}},"2":{"start":{"line":5,"column":23},"end":{"line":5,"column":55}},"3":{"start":{"line":6,"column":23},"end":{"line":6,"column":55}},"4":{"start":{"line":7,"column":19},"end":{"line":7,"column":72}},"5":{"start":{"line":9,"column":18},"end":{"line":9,"column":114}},"6":{"start":{"line":11,"column":20},"end":{"line":11,"column":84}},"7":{"start":{"line":13,"column":13},"end":{"line":21,"column":2}}},"fnMap":{},"branchMap":{"0":{"loc":{"start":{"line":5,"column":23},"end":{"line":5,"column":55}},"type":"binary-expr","locations":[{"start":{"line":5,"column":23},"end":{"line":5,"column":49}},{"start":{"line":5,"column":53},"end":{"line":5,"column":55}}]},"1":{"loc":{"start":{"line":6,"column":23},"end":{"line":6,"column":55}},"type":"binary-expr","locations":[{"start":{"line":6,"column":23},"end":{"line":6,"column":49}},{"start":{"line":6,"column":53},"end":{"line":6,"column":55}}]},"2":{"loc":{"start":{"line":7,"column":19},"end":{"line":7,"column":72}},"type":"binary-expr","locations":[{"start":{"line":7,"column":19},"end":{"line":7,"column":41}},{"start":{"line":7,"column":45},"end":{"line":7,"column":72}}]},"3":{"loc":{"start":{"line":11,"column":20},"end":{"line":11,"column":84}},"type":"cond-expr","locations":[{"start":{"line":11,"column":46},"end":{"line":11,"column":77}},{"start":{"line":11,"column":80},"end":{"line":11,"column":84}}]}},"s":{"0":1,"1":1,"2":1,"3":1,"4":1,"5":1,"6":1,"7":1},"f":{},"b":{"0":[1,0],"1":[1,0],"2":[1,1],"3":[1,0]}}
,"C:\\Users\\KELVIN\\Desktop\\shebz\\TODO\\Todo-API-in-Node-JS\\src\\models\\Todo.ts": {"path":"C:\\Users\\KELVIN\\Desktop\\shebz\\TODO\\Todo-API-in-Node-JS\\src\\models\\Todo.ts","statementMap":{"0":{"start":{"line":1,"column":0},"end":{"line":1,"column":54}},"1":{"start":{"line":9,"column":27},"end":{"line":13,"column":2}},"2":{"start":{"line":15,"column":13},"end":{"line":15,"column":54}},"3":{"start":{"line":17,"column":0},"end":{"line":17,"column":20}}},"fnMap":{},"branchMap":{},"s":{"0":1,"1":1,"2":1,"3":1},"f":{},"b":{}}
,"C:\\Users\\KELVIN\\Desktop\\shebz\\TODO\\Todo-API-in-Node-JS\\src\\models\\User.ts": {"path":"C:\\Users\\KELVIN\\Desktop\\shebz\\TODO\\Todo-API-in-Node-JS\\src\\models\\User.ts","statementMap":{"0":{"start":{"line":1,"column":0},"end":{"line":1,"column":54}},"1":{"start":{"line":9,"column":27},"end":{"line":13,"column":2}},"2":{"start":{"line":15,"column":0},"end":{"line":15,"column":64}}},"fnMap":{},"branchMap":{},"s":{"0":1,"1":1,"2":1},"f":{},"b":{}}
,"C:\\Users\\KELVIN\\Desktop\\shebz\\TODO\\Todo-API-in-Node-JS\\src\\routes\\Todo.ts": {"path":"C:\\Users\\KELVIN\\Desktop\\shebz\\TODO\\Todo-API-in-Node-JS\\src\\routes\\Todo.ts","statementMap":{"0":{"start":{"line":1,"column":0},"end":{"line":1,"column":67}},"1":{"start":{"line":2,"column":0},"end":{"line":2,"column":34}},"2":{"start":{"line":4,"column":15},"end":{"line":4,"column":31}},"3":{"start":{"line":6,"column":0},"end":{"line":13,"column":3}},"4":{"start":{"line":6,"column":74},"end":{"line":13,"column":2}},"5":{"start":{"line":7,"column":4},"end":{"line":12,"column":5}},"6":{"start":{"line":8,"column":22},"end":{"line":8,"column":39}},"7":{"start":{"line":9,"column":8},"end":{"line":9,"column":24}},"8":{"start":{"line":11,"column":8},"end":{"line":11,"column":20}},"9":{"start":{"line":15,"column":0},"end":{"line":27,"column":3}},"10":{"start":{"line":15,"column":75},"end":{"line":27,"column":2}},"11":{"start":{"line":16,"column":4},"end":{"line":26,"column":5}},"12":{"start":{"line":17,"column":39},"end":{"line":17,"column":47}},"13":{"start":{"line":18,"column":21},"end":{"line":21,"column":10}},"14":{"start":{"line":22,"column":8},"end":{"line":22,"column":26}},"15":{"start":{"line":23,"column":8},"end":{"line":23,"column":35}},"16":{"start":{"line":25,"column":8},"end":{"line":25,"column":20}},"17":{"start":{"line":29,"column":0},"end":{"line":37,"column":3}},"18":{"start":{"line":29,"column":80},"end":{"line":37,"column":2}},"19":{"start":{"line":30,"column":4},"end":{"line":36,"column":5}},"20":{"start":{"line":31,"column":23},"end":{"line":31,"column":33}},"21":{"start":{"line":32,"column":8},"end":{"line":32,"column":41}},"22":{"start":{"line":33,"column":8},"end":{"line":33,"column":30}},"23":{"start":{"line":35,"column":8},"end":{"line":35,"column":20}},"24":{"start":{"line":39,"column":0},"end":{"line":39,"column":22}}},"fnMap":{"0":{"name":"(anonymous_8)","decl":{"start":{"line":6,"column":16},"end":{"line":6,"column":23}},"loc":{"start":{"line":6,"column":74},"end":{"line":13,"column":2}}},"1":{"name":"(anonymous_9)","decl":{"start":{"line":6,"column":74},"end":{"line":6,"column":null}},"loc":{"start":{"line":6,"column":74},"end":{"line":13,"column":1}}},"2":{"name":"(anonymous_10)","decl":{"start":{"line":15,"column":17},"end":{"line":15,"column":24}},"loc":{"start":{"line":15,"column":75},"end":{"line":27,"column":2}}},"3":{"name":"(anonymous_11)","decl":{"start":{"line":15,"column":75},"end":{"line":15,"column":null}},"loc":{"start":{"line":15,"column":75},"end":{"line":27,"column":1}}},"4":{"name":"(anonymous_12)","decl":{"start":{"line":29,"column":22},"end":{"line":29,"column":29}},"loc":{"start":{"line":29,"column":80},"end":{"line":37,"column":2}}},"5":{"name":"(anonymous_13)","decl":{"start":{"line":29,"column":80},"end":{"line":29,"column":null}},"loc":{"start":{"line":29,"column":80},"end":{"line":37,"column":1}}}},"branchMap":{},"s":{"0":1,"1":1,"2":1,"3":1,"4":1,"5":1,"6":1,"7":1,"8":0,"9":1,"10":1,"11":1,"12":1,"13":1,"14":1,"15":1,"16":0,"17":1,"18":0,"19":0,"20":0,"21":0,"22":0,"23":0,"24":1},"f":{"0":1,"1":1,"2":1,"3":1,"4":0,"5":0},"b":{}}
,"C:\\Users\\KELVIN\\Desktop\\shebz\\TODO\\Todo-API-in-Node-JS\\src\\routes\\auth.ts": {"path":"C:\\Users\\KELVIN\\Desktop\\shebz\\TODO\\Todo-API-in-Node-JS\\src\\routes\\auth.ts","statementMap":{"0":{"start":{"line":1,"column":0},"end":{"line":1,"column":53}},"1":{"start":{"line":2,"column":0},"end":{"line":2,"column":30}},"2":{"start":{"line":3,"column":0},"end":{"line":3,"column":31}},"3":{"start":{"line":4,"column":0},"end":{"line":4,"column":42}},"4":{"start":{"line":5,"column":0},"end":{"line":5,"column":34}},"5":{"start":{"line":6,"column":0},"end":{"line":6,"column":22}},"6":{"start":{"line":8,"column":15},"end":{"line":8,"column":31}},"7":{"start":{"line":11,"column":23},"end":{"line":15,"column":2}},"8":{"start":{"line":18,"column":20},"end":{"line":21,"column":2}},"9":{"start":{"line":23,"column":0},"end":{"line":71,"column":3}},"10":{"start":{"line":23,"column":63},"end":{"line":71,"column":2}},"11":{"start":{"line":24,"column":4},"end":{"line":70,"column":5}},"12":{"start":{"line":26,"column":26},"end":{"line":26,"column":59}},"13":{"start":{"line":27,"column":8},"end":{"line":29,"column":9}},"14":{"start":{"line":28,"column":12},"end":{"line":28,"column":79}},"15":{"start":{"line":31,"column":46},"end":{"line":31,"column":54}},"16":{"start":{"line":34,"column":19},"end":{"line":34,"column":48}},"17":{"start":{"line":35,"column":8},"end":{"line":37,"column":9}},"18":{"start":{"line":36,"column":12},"end":{"line":36,"column":76}},"19":{"start":{"line":40,"column":21},"end":{"line":40,"column":45}},"20":{"start":{"line":41,"column":31},"end":{"line":41,"column":64}},"21":{"start":{"line":44,"column":8},"end":{"line":48,"column":11}},"22":{"start":{"line":50,"column":8},"end":{"line":50,"column":26}},"23":{"start":{"line":53,"column":24},"end":{"line":57,"column":10}},"24":{"start":{"line":59,"column":8},"end":{"line":66,"column":11}},"25":{"start":{"line":60,"column":12},"end":{"line":60,"column":31}},"26":{"start":{"line":60,"column":21},"end":{"line":60,"column":31}},"27":{"start":{"line":61,"column":12},"end":{"line":65,"column":13}},"28":{"start":{"line":62,"column":16},"end":{"line":62,"column":36}},"29":{"start":{"line":64,"column":16},"end":{"line":64,"column":59}},"30":{"start":{"line":68,"column":8},"end":{"line":68,"column":37}},"31":{"start":{"line":69,"column":8},"end":{"line":69,"column":45}},"32":{"start":{"line":73,"column":0},"end":{"line":114,"column":3}},"33":{"start":{"line":73,"column":60},"end":{"line":114,"column":2}},"34":{"start":{"line":74,"column":4},"end":{"line":113,"column":5}},"35":{"start":{"line":76,"column":26},"end":{"line":76,"column":56}},"36":{"start":{"line":77,"column":8},"end":{"line":79,"column":9}},"37":{"start":{"line":78,"column":12},"end":{"line":78,"column":79}},"38":{"start":{"line":81,"column":36},"end":{"line":81,"column":44}},"39":{"start":{"line":84,"column":19},"end":{"line":84,"column":48}},"40":{"start":{"line":85,"column":8},"end":{"line":87,"column":9}},"41":{"start":{"line":86,"column":12},"end":{"line":86,"column":76}},"42":{"start":{"line":90,"column":24},"end":{"line":90,"column":69}},"43":{"start":{"line":91,"column":8},"end":{"line":93,"column":9}},"44":{"start":{"line":92,"column":12},"end":{"line":92,"column":76}},"45":{"start":{"line":96,"column":24},"end":{"line":100,"column":10}},"46":{"start":{"line":102,"column":8},"end":{"line":109,"column":11}},"47":{"start":{"line":103,"column":12},"end":{"line":103,"column":31}},"48":{"start":{"line":103,"column":21},"end":{"line":103,"column":31}},"49":{"start":{"line":104,"column":12},"end":{"line":108,"column":13}},"50":{"start":{"line":105,"column":16},"end":{"line":105,"column":36}},"51":{"start":{"line":107,"column":16},"end":{"line":107,"column":59}},"52":{"start":{"line":111,"column":8},"end":{"line":111,"column":37}},"53":{"start":{"line":112,"column":8},"end":{"line":112,"column":45}},"54":{"start":{"line":116,"column":0},"end":{"line":116,"column":22}}},"fnMap":{"0":{"name":"(anonymous_8)","decl":{"start":{"line":23,"column":25},"end":{"line":23,"column":32}},"loc":{"start":{"line":23,"column":63},"end":{"line":71,"column":2}}},"1":{"name":"(anonymous_9)","decl":{"start":{"line":23,"column":63},"end":{"line":23,"column":null}},"loc":{"start":{"line":23,"column":63},"end":{"line":71,"column":1}}},"2":{"name":"(anonymous_10)","decl":{"start":{"line":59,"column":65},"end":{"line":59,"column":66}},"loc":{"start":{"line":59,"column":105},"end":{"line":66,"column":9}}},"3":{"name":"(anonymous_11)","decl":{"start":{"line":73,"column":22},"end":{"line":73,"column":29}},"loc":{"start":{"line":73,"column":60},"end":{"line":114,"column":2}}},"4":{"name":"(anonymous_12)","decl":{"start":{"line":73,"column":60},"end":{"line":73,"column":null}},"loc":{"start":{"line":73,"column":60},"end":{"line":114,"column":1}}},"5":{"name":"(anonymous_13)","decl":{"start":{"line":102,"column":65},"end":{"line":102,"column":66}},"loc":{"start":{"line":102,"column":105},"end":{"line":109,"column":9}}}},"branchMap":{"0":{"loc":{"start":{"line":27,"column":8},"end":{"line":29,"column":9}},"type":"if","locations":[{"start":{"line":27,"column":8},"end":{"line":29,"column":9}}]},"1":{"loc":{"start":{"line":35,"column":8},"end":{"line":37,"column":9}},"type":"if","locations":[{"start":{"line":35,"column":8},"end":{"line":37,"column":9}}]},"2":{"loc":{"start":{"line":60,"column":12},"end":{"line":60,"column":31}},"type":"if","locations":[{"start":{"line":60,"column":12},"end":{"line":60,"column":31}}]},"3":{"loc":{"start":{"line":61,"column":12},"end":{"line":65,"column":13}},"type":"if","locations":[{"start":{"line":61,"column":12},"end":{"line":65,"column":13}},{"start":{"line":63,"column":19},"end":{"line":65,"column":13}}]},"4":{"loc":{"start":{"line":77,"column":8},"end":{"line":79,"column":9}},"type":"if","locations":[{"start":{"line":77,"column":8},"end":{"line":79,"column":9}}]},"5":{"loc":{"start":{"line":85,"column":8},"end":{"line":87,"column":9}},"type":"if","locations":[{"start":{"line":85,"column":8},"end":{"line":87,"column":9}}]},"6":{"loc":{"start":{"line":91,"column":8},"end":{"line":93,"column":9}},"type":"if","locations":[{"start":{"line":91,"column":8},"end":{"line":93,"column":9}}]},"7":{"loc":{"start":{"line":103,"column":12},"end":{"line":103,"column":31}},"type":"if","locations":[{"start":{"line":103,"column":12},"end":{"line":103,"column":31}}]},"8":{"loc":{"start":{"line":104,"column":12},"end":{"line":108,"column":13}},"type":"if","locations":[{"start":{"line":104,"column":12},"end":{"line":108,"column":13}},{"start":{"line":106,"column":19},"end":{"line":108,"column":13}}]}},"s":{"0":1,"1":1,"2":1,"3":1,"4":1,"5":1,"6":1,"7":1,"8":1,"9":1,"10":1,"11":1,"12":1,"13":1,"14":0,"15":1,"16":1,"17":1,"18":0,"19":1,"20":1,"21":1,"22":1,"23":0,"24":0,"25":0,"26":0,"27":0,"28":0,"29":0,"30":1,"31":1,"32":1,"33":2,"34":2,"35":2,"36":2,"37":0,"38":2,"39":2,"40":2,"41":2,"42":0,"43":0,"44":0,"45":0,"46":0,"47":0,"48":0,"49":0,"50":0,"51":0,"52":0,"53":0,"54":1},"f":{"0":1,"1":1,"2":0,"3":2,"4":2,"5":0},"b":{"0":[0],"1":[0],"2":[0],"3":[0,0],"4":[0],"5":[2],"6":[0],"7":[0],"8":[0,0]}}
}
