TN:
SF:src\config\config.ts
FNF:0
FNH:0
DA:1,1
DA:3,1
DA:5,1
DA:6,1
DA:7,1
DA:9,1
DA:11,1
DA:13,1
LF:8
LH:8
BRDA:5,0,0,1
BRDA:5,0,1,0
BRDA:6,1,0,1
BRDA:6,1,1,0
BRDA:7,2,0,1
BRDA:7,2,1,1
BRDA:11,3,0,1
BRDA:11,3,1,0
BRF:8
BRH:5
end_of_record
TN:
SF:src\models\Todo.ts
FNF:0
FNH:0
DA:1,1
DA:9,1
DA:15,1
DA:17,1
LF:4
LH:4
BRF:0
BRH:0
end_of_record
TN:
SF:src\models\User.ts
FNF:0
FNH:0
DA:1,1
DA:9,1
DA:15,1
LF:3
LH:3
BRF:0
BRH:0
end_of_record
TN:
SF:src\routes\Todo.ts
FN:6,(anonymous_8)
FN:6,(anonymous_9)
FN:15,(anonymous_10)
FN:15,(anonymous_11)
FN:29,(anonymous_12)
FN:29,(anonymous_13)
FNF:6
FNH:4
FNDA:1,(anonymous_8)
FNDA:1,(anonymous_9)
FNDA:1,(anonymous_10)
FNDA:1,(anonymous_11)
FNDA:0,(anonymous_12)
FNDA:0,(anonymous_13)
DA:1,1
DA:2,1
DA:4,1
DA:6,1
DA:7,1
DA:8,1
DA:9,1
DA:11,0
DA:15,1
DA:16,1
DA:17,1
DA:18,1
DA:22,1
DA:23,1
DA:25,0
DA:29,1
DA:30,0
DA:31,0
DA:32,0
DA:33,0
DA:35,0
DA:39,1
LF:22
LH:15
BRF:0
BRH:0
end_of_record
TN:
SF:src\routes\auth.ts
FN:23,(anonymous_8)
FN:23,(anonymous_9)
FN:59,(anonymous_10)
FN:73,(anonymous_11)
FN:73,(anonymous_12)
FN:102,(anonymous_13)
FNF:6
FNH:4
FNDA:1,(anonymous_8)
FNDA:1,(anonymous_9)
FNDA:0,(anonymous_10)
FNDA:2,(anonymous_11)
FNDA:2,(anonymous_12)
FNDA:0,(anonymous_13)
DA:1,1
DA:2,1
DA:3,1
DA:4,1
DA:5,1
DA:6,1
DA:8,1
DA:11,1
DA:18,1
DA:23,1
DA:24,1
DA:26,1
DA:27,1
DA:28,0
DA:31,1
DA:34,1
DA:35,1
DA:36,0
DA:40,1
DA:41,1
DA:44,1
DA:50,1
DA:53,0
DA:59,0
DA:60,0
DA:61,0
DA:62,0
DA:64,0
DA:68,1
DA:69,1
DA:73,2
DA:74,2
DA:76,2
DA:77,2
DA:78,0
DA:81,2
DA:84,2
DA:85,2
DA:86,2
DA:90,0
DA:91,0
DA:92,0
DA:96,0
DA:102,0
DA:103,0
DA:104,0
DA:105,0
DA:107,0
DA:111,0
DA:112,0
DA:116,1
LF:51
LH:31
BRDA:27,0,0,0
BRDA:35,1,0,0
BRDA:60,2,0,0
BRDA:61,3,0,0
BRDA:61,3,1,0
BRDA:77,4,0,0
BRDA:85,5,0,2
BRDA:91,6,0,0
BRDA:103,7,0,0
BRDA:104,8,0,0
BRDA:104,8,1,0
BRF:11
BRH:1
end_of_record
